# JRE version: OpenJDK Runtime Environment (8.0_152-b06) (build 1.8.0_152-release-1136-b06)
# Java VM: OpenJDK 64-Bit Server VM (25.152-b06 mixed mode linux-amd64 compressed oops)
Heap:
 PSYoungGen      total 375296K, used 0K [0x00000000e0000000, 0x0000000100000000, 0x0000000100000000)
  eden space 309248K, 0% used [0x00000000e0000000,0x00000000e0000000,0x00000000f2e00000)
  from space 66048K, 0% used [0x00000000f2e00000,0x00000000f2e00000,0x00000000f6e80000)
  to   space 111104K, 0% used [0x00000000f9380000,0x00000000f9380000,0x0000000100000000)
 ParOldGen       total 322560K, used 195526K [0x00000000a0000000, 0x00000000b3b00000, 0x00000000e0000000)
  object space 322560K, 60% used [0x00000000a0000000,0x00000000abef19b0,0x00000000b3b00000)
 Metaspace       used 73791K, capacity 76514K, committed 77824K, reserved 1116160K
  class space    used 9670K, capacity 10294K, committed 10496K, reserved 1048576K
GC Heap History (10 events):
Event: 18.142 GC heap after
Heap after GC invocations=17 (full 3):
 PSYoungGen      total 364032K, used 46586K [0x00000000e0000000, 0x0000000100000000, 0x0000000100000000)
  eden space 317440K, 0% used [0x00000000e0000000,0x00000000e0000000,0x00000000f3600000)
  from space 46592K, 99% used [0x00000000f8580000,0x00000000fb2feb48,0x00000000fb300000)
  to   space 81408K, 0% used [0x00000000f3600000,0x00000000f3600000,0x00000000f8580000)
 ParOldGen       total 167936K, used 167266K [0x00000000a0000000, 0x00000000aa400000, 0x00000000e0000000)
  object space 167936K, 99% used [0x00000000a0000000,0x00000000aa358968,0x00000000aa400000)
 Metaspace       used 64929K, capacity 66864K, committed 67072K, reserved 1107968K
  class space    used 8577K, capacity 9103K, committed 9216K, reserved 1048576K
}
Event: 18.142 GC heap before
{Heap before GC invocations=18 (full 4):
 PSYoungGen      total 364032K, used 46586K [0x00000000e0000000, 0x0000000100000000, 0x0000000100000000)
  eden space 317440K, 0% used [0x00000000e0000000,0x00000000e0000000,0x00000000f3600000)
  from space 46592K, 99% used [0x00000000f8580000,0x00000000fb2feb48,0x00000000fb300000)
  to   space 81408K, 0% used [0x00000000f3600000,0x00000000f3600000,0x00000000f8580000)
 ParOldGen       total 167936K, used 167266K [0x00000000a0000000, 0x00000000aa400000, 0x00000000e0000000)
  object space 167936K, 99% used [0x00000000a0000000,0x00000000aa358968,0x00000000aa400000)
 Metaspace       used 64929K, capacity 66864K, committed 67072K, reserved 1107968K
  class space    used 8577K, capacity 9103K, committed 9216K, reserved 1048576K
Event: 19.297 GC heap after
Heap after GC invocations=18 (full 4):
 PSYoungGen      total 364032K, used 39069K [0x00000000e0000000, 0x0000000100000000, 0x0000000100000000)
  eden space 317440K, 0% used [0x00000000e0000000,0x00000000e0000000,0x00000000f3600000)
  from space 46592K, 83% used [0x00000000f8580000,0x00000000faba7568,0x00000000fb300000)
  to   space 81408K, 0% used [0x00000000f3600000,0x00000000f3600000,0x00000000f8580000)
 ParOldGen       total 322560K, used 167908K [0x00000000a0000000, 0x00000000b3b00000, 0x00000000e0000000)
  object space 322560K, 52% used [0x00000000a0000000,0x00000000aa3f91d0,0x00000000b3b00000)
 Metaspace       used 64929K, capacity 66864K, committed 67072K, reserved 1107968K
  class space    used 8577K, capacity 9103K, committed 9216K, reserved 1048576K
}
Event: 22.776 GC heap before
{Heap before GC invocations=19 (full 4):
 PSYoungGen      total 364032K, used 356509K [0x00000000e0000000, 0x0000000100000000, 0x0000000100000000)
  eden space 317440K, 100% used [0x00000000e0000000,0x00000000f3600000,0x00000000f3600000)
  from space 46592K, 83% used [0x00000000f8580000,0x00000000faba7568,0x00000000fb300000)
  to   space 81408K, 0% used [0x00000000f3600000,0x00000000f3600000,0x00000000f8580000)
 ParOldGen       total 322560K, used 167908K [0x00000000a0000000, 0x00000000b3b00000, 0x00000000e0000000)
  object space 322560K, 52% used [0x00000000a0000000,0x00000000aa3f91d0,0x00000000b3b00000)
 Metaspace       used 73769K, capacity 76418K, committed 76672K, reserved 1116160K
  class space    used 9716K, capacity 10344K, committed 10368K, reserved 1048576K
Event: 22.891 GC heap after
Heap after GC invocations=19 (full 4):
 PSYoungGen      total 398848K, used 39480K [0x00000000e0000000, 0x0000000100000000, 0x0000000100000000)
  eden space 317440K, 0% used [0x00000000e0000000,0x00000000e0000000,0x00000000f3600000)
  from space 81408K, 48% used [0x00000000f3600000,0x00000000f5c8e0d8,0x00000000f8580000)
  to   space 80896K, 0% used [0x00000000fb100000,0x00000000fb100000,0x0000000100000000)
 ParOldGen       total 322560K, used 192803K [0x00000000a0000000, 0x00000000b3b00000, 0x00000000e0000000)
  object space 322560K, 59% used [0x00000000a0000000,0x00000000abc48f18,0x00000000b3b00000)
 Metaspace       used 73769K, capacity 76418K, committed 76672K, reserved 1116160K
  class space    used 9716K, capacity 10344K, committed 10368K, reserved 1048576K
}
Event: 24.368 GC heap before
{Heap before GC invocations=20 (full 4):
 PSYoungGen      total 398848K, used 356920K [0x00000000e0000000, 0x0000000100000000, 0x0000000100000000)
  eden space 317440K, 100% used [0x00000000e0000000,0x00000000f3600000,0x00000000f3600000)
  from space 81408K, 48% used [0x00000000f3600000,0x00000000f5c8e0d8,0x00000000f8580000)
  to   space 80896K, 0% used [0x00000000fb100000,0x00000000fb100000,0x0000000100000000)
 ParOldGen       total 322560K, used 192803K [0x00000000a0000000, 0x00000000b3b00000, 0x00000000e0000000)
  object space 322560K, 59% used [0x00000000a0000000,0x00000000abc48f18,0x00000000b3b00000)
 Metaspace       used 73949K, capacity 76726K, committed 76928K, reserved 1116160K
  class space    used 9720K, capacity 10350K, committed 10368K, reserved 1048576K
Event: 25.409 GC heap after
Heap after GC invocations=20 (full 4):
 PSYoungGen      total 390144K, used 80883K [0x00000000e0000000, 0x0000000100000000, 0x0000000100000000)
  eden space 309248K, 0% used [0x00000000e0000000,0x00000000e0000000,0x00000000f2e00000)
  from space 80896K, 99% used [0x00000000fb100000,0x00000000ffffce58,0x0000000100000000)
  to   space 107520K, 0% used [0x00000000f2e00000,0x00000000f2e00000,0x00000000f9700000)
 ParOldGen       total 322560K, used 227472K [0x00000000a0000000, 0x00000000b3b00000, 0x00000000e0000000)
  object space 322560K, 70% used [0x00000000a0000000,0x00000000ade243e0,0x00000000b3b00000)
 Metaspace       used 73949K, capacity 76726K, committed 76928K, reserved 1116160K
  class space    used 9720K, capacity 10350K, committed 10368K, reserved 1048576K
}
Event: 27.632 GC heap before
{Heap before GC invocations=21 (full 4):
 PSYoungGen      total 390144K, used 390131K [0x00000000e0000000, 0x0000000100000000, 0x0000000100000000)
  eden space 309248K, 100% used [0x00000000e0000000,0x00000000f2e00000,0x00000000f2e00000)
  from space 80896K, 99% used [0x00000000fb100000,0x00000000ffffce58,0x0000000100000000)
  to   space 107520K, 0% used [0x00000000f2e00000,0x00000000f2e00000,0x00000000f9700000)
 ParOldGen       total 322560K, used 227472K [0x00000000a0000000, 0x00000000b3b00000, 0x00000000e0000000)
  object space 322560K, 70% used [0x00000000a0000000,0x00000000ade243e0,0x00000000b3b00000)
 Metaspace       used 74872K, capacity 77808K, committed 77824K, reserved 1116160K
  class space    used 9825K, capacity 10495K, committed 10496K, reserved 1048576K
Event: 27.799 GC heap after
Heap after GC invocations=21 (full 4):
 PSYoungGen      total 375296K, used 65699K [0x00000000e0000000, 0x0000000100000000, 0x0000000100000000)
  eden space 309248K, 0% used [0x00000000e0000000,0x00000000e0000000,0x00000000f2e00000)
  from space 66048K, 99% used [0x00000000f2e00000,0x00000000f6e28e70,0x00000000f6e80000)
  to   space 111104K, 0% used [0x00000000f9380000,0x00000000f9380000,0x0000000100000000)
 ParOldGen       total 322560K, used 300127K [0x00000000a0000000, 0x00000000b3b00000, 0x00000000e0000000)
  object space 322560K, 93% used [0x00000000a0000000,0x00000000b2517c48,0x00000000b3b00000)
 Metaspace       used 74872K, capacity 77808K, committed 77824K, reserved 1116160K
  class space    used 9825K, capacity 10495K, committed 10496K, reserved 1048576K
}
Event: 27.802 GC heap before
{Heap before GC invocations=22 (full 5):
 PSYoungGen      total 375296K, used 65699K [0x00000000e0000000, 0x0000000100000000, 0x0000000100000000)
  eden space 309248K, 0% used [0x00000000e0000000,0x00000000e0000000,0x00000000f2e00000)
  from space 66048K, 99% used [0x00000000f2e00000,0x00000000f6e28e70,0x00000000f6e80000)
  to   space 111104K, 0% used [0x00000000f9380000,0x00000000f9380000,0x0000000100000000)
 ParOldGen       total 322560K, used 300127K [0x00000000a0000000, 0x00000000b3b00000, 0x00000000e0000000)
  object space 322560K, 93% used [0x00000000a0000000,0x00000000b2517c48,0x00000000b3b00000)
 Metaspace       used 74872K, capacity 77808K, committed 77824K, reserved 1116160K
  class space    used 9825K, capacity 10495K, committed 10496K, reserved 1048576K

