# JRE version: OpenJDK Runtime Environment (8.0_152-b06) (build 1.8.0_152-release-1136-b06)
# Java VM: OpenJDK 64-Bit Server VM (25.152-b06 mixed mode linux-amd64 compressed oops)
Heap:
 PSYoungGen      total 345088K, used 38633K [0x00000000e0000000, 0x0000000100000000, 0x0000000100000000)
  eden space 292352K, 0% used [0x00000000e0000000,0x00000000e0000000,0x00000000f1d80000)
  from space 52736K, 73% used [0x00000000f1d80000,0x00000000f433a6a8,0x00000000f5100000)
  to   space 88576K, 0% used [0x00000000fa980000,0x00000000fa980000,0x0000000100000000)
 ParOldGen       total 170496K, used 170257K [0x00000000a0000000, 0x00000000aa680000, 0x00000000e0000000)
  object space 170496K, 99% used [0x00000000a0000000,0x00000000aa6445c0,0x00000000aa680000)
 Metaspace       used 65014K, capacity 66920K, committed 67072K, reserved 1107968K
  class space    used 8570K, capacity 9103K, committed 9216K, reserved 1048576K
GC Heap History (10 events):
Event: 10.990 GC heap after
Heap after GC invocations=10 (full 2):
 PSYoungGen      total 276480K, used 18926K [0x00000000e0000000, 0x00000000f3580000, 0x0000000100000000)
  eden space 257536K, 0% used [0x00000000e0000000,0x00000000e0000000,0x00000000efb80000)
  from space 18944K, 99% used [0x00000000f1500000,0x00000000f277bbe8,0x00000000f2780000)
  to   space 26112K, 0% used [0x00000000efb80000,0x00000000efb80000,0x00000000f1500000)
 ParOldGen       total 97792K, used 30785K [0x00000000a0000000, 0x00000000a5f80000, 0x00000000e0000000)
  object space 97792K, 31% used [0x00000000a0000000,0x00000000a1e10708,0x00000000a5f80000)
 Metaspace       used 54788K, capacity 56510K, committed 56576K, reserved 1097728K
  class space    used 7490K, capacity 7921K, committed 7936K, reserved 1048576K
}
Event: 13.748 GC heap before
{Heap before GC invocations=11 (full 2):
 PSYoungGen      total 276480K, used 188654K [0x00000000e0000000, 0x00000000f3580000, 0x0000000100000000)
  eden space 257536K, 65% used [0x00000000e0000000,0x00000000ea5bfc60,0x00000000efb80000)
  from space 18944K, 99% used [0x00000000f1500000,0x00000000f277bbe8,0x00000000f2780000)
  to   space 26112K, 0% used [0x00000000efb80000,0x00000000efb80000,0x00000000f1500000)
 ParOldGen       total 97792K, used 30785K [0x00000000a0000000, 0x00000000a5f80000, 0x00000000e0000000)
  object space 97792K, 31% used [0x00000000a0000000,0x00000000a1e10708,0x00000000a5f80000)
 Metaspace       used 57220K, capacity 58940K, committed 59028K, reserved 1099776K
  class space    used 7758K, capacity 8191K, committed 8192K, reserved 1048576K
Event: 13.789 GC heap after
Heap after GC invocations=11 (full 2):
 PSYoungGen      total 283648K, used 26098K [0x00000000e0000000, 0x00000000f7180000, 0x0000000100000000)
  eden space 257536K, 0% used [0x00000000e0000000,0x00000000e0000000,0x00000000efb80000)
  from space 26112K, 99% used [0x00000000efb80000,0x00000000f14fc9b8,0x00000000f1500000)
  to   space 33280K, 0% used [0x00000000f5100000,0x00000000f5100000,0x00000000f7180000)
 ParOldGen       total 97792K, used 38704K [0x00000000a0000000, 0x00000000a5f80000, 0x00000000e0000000)
  object space 97792K, 39% used [0x00000000a0000000,0x00000000a25cc200,0x00000000a5f80000)
 Metaspace       used 57220K, capacity 58940K, committed 59028K, reserved 1099776K
  class space    used 7758K, capacity 8191K, committed 8192K, reserved 1048576K
}
Event: 13.789 GC heap before
{Heap before GC invocations=12 (full 3):
 PSYoungGen      total 283648K, used 26098K [0x00000000e0000000, 0x00000000f7180000, 0x0000000100000000)
  eden space 257536K, 0% used [0x00000000e0000000,0x00000000e0000000,0x00000000efb80000)
  from space 26112K, 99% used [0x00000000efb80000,0x00000000f14fc9b8,0x00000000f1500000)
  to   space 33280K, 0% used [0x00000000f5100000,0x00000000f5100000,0x00000000f7180000)
 ParOldGen       total 97792K, used 38704K [0x00000000a0000000, 0x00000000a5f80000, 0x00000000e0000000)
  object space 97792K, 39% used [0x00000000a0000000,0x00000000a25cc200,0x00000000a5f80000)
 Metaspace       used 57220K, capacity 58940K, committed 59028K, reserved 1099776K
  class space    used 7758K, capacity 8191K, committed 8192K, reserved 1048576K
Event: 14.093 GC heap after
Heap after GC invocations=12 (full 3):
 PSYoungGen      total 283648K, used 0K [0x00000000e0000000, 0x00000000f7180000, 0x0000000100000000)
  eden space 257536K, 0% used [0x00000000e0000000,0x00000000e0000000,0x00000000efb80000)
  from space 26112K, 0% used [0x00000000efb80000,0x00000000efb80000,0x00000000f1500000)
  to   space 33280K, 0% used [0x00000000f5100000,0x00000000f5100000,0x00000000f7180000)
 ParOldGen       total 170496K, used 56098K [0x00000000a0000000, 0x00000000aa680000, 0x00000000e0000000)
  object space 170496K, 32% used [0x00000000a0000000,0x00000000a36c8960,0x00000000aa680000)
 Metaspace       used 57220K, capacity 58940K, committed 59028K, reserved 1099776K
  class space    used 7758K, capacity 8191K, committed 8192K, reserved 1048576K
}
Event: 16.348 GC heap before
{Heap before GC invocations=13 (full 3):
 PSYoungGen      total 283648K, used 257536K [0x00000000e0000000, 0x00000000f7180000, 0x0000000100000000)
  eden space 257536K, 100% used [0x00000000e0000000,0x00000000efb80000,0x00000000efb80000)
  from space 26112K, 0% used [0x00000000efb80000,0x00000000efb80000,0x00000000f1500000)
  to   space 33280K, 0% used [0x00000000f5100000,0x00000000f5100000,0x00000000f7180000)
 ParOldGen       total 170496K, used 56098K [0x00000000a0000000, 0x00000000aa680000, 0x00000000e0000000)
  object space 170496K, 32% used [0x00000000a0000000,0x00000000a36c8960,0x00000000aa680000)
 Metaspace       used 63188K, capacity 65064K, committed 65408K, reserved 1105920K
  class space    used 8444K, capacity 8975K, committed 9088K, reserved 1048576K
Event: 16.451 GC heap after
Heap after GC invocations=13 (full 3):
 PSYoungGen      total 325632K, used 33266K [0x00000000e0000000, 0x00000000fa000000, 0x0000000100000000)
  eden space 292352K, 0% used [0x00000000e0000000,0x00000000e0000000,0x00000000f1d80000)
  from space 33280K, 99% used [0x00000000f5100000,0x00000000f717c9c8,0x00000000f7180000)
  to   space 52736K, 0% used [0x00000000f1d80000,0x00000000f1d80000,0x00000000f5100000)
 ParOldGen       total 170496K, used 94752K [0x00000000a0000000, 0x00000000aa680000, 0x00000000e0000000)
  object space 170496K, 55% used [0x00000000a0000000,0x00000000a5c88348,0x00000000aa680000)
 Metaspace       used 63188K, capacity 65064K, committed 65408K, reserved 1105920K
  class space    used 8444K, capacity 8975K, committed 9088K, reserved 1048576K
}
Event: 20.528 GC heap before
{Heap before GC invocations=14 (full 3):
 PSYoungGen      total 325632K, used 325618K [0x00000000e0000000, 0x00000000fa000000, 0x0000000100000000)
  eden space 292352K, 100% used [0x00000000e0000000,0x00000000f1d80000,0x00000000f1d80000)
  from space 33280K, 99% used [0x00000000f5100000,0x00000000f717c9c8,0x00000000f7180000)
  to   space 52736K, 0% used [0x00000000f1d80000,0x00000000f1d80000,0x00000000f5100000)
 ParOldGen       total 170496K, used 94752K [0x00000000a0000000, 0x00000000aa680000, 0x00000000e0000000)
  object space 170496K, 55% used [0x00000000a0000000,0x00000000a5c88348,0x00000000aa680000)
 Metaspace       used 65014K, capacity 66920K, committed 67072K, reserved 1107968K
  class space    used 8570K, capacity 9103K, committed 9216K, reserved 1048576K
Event: 21.268 GC heap after
Heap after GC invocations=14 (full 3):
 PSYoungGen      total 345088K, used 52728K [0x00000000e0000000, 0x0000000100000000, 0x0000000100000000)
  eden space 292352K, 0% used [0x00000000e0000000,0x00000000e0000000,0x00000000f1d80000)
  from space 52736K, 99% used [0x00000000f1d80000,0x00000000f50fe2f0,0x00000000f5100000)
  to   space 88576K, 0% used [0x00000000fa980000,0x00000000fa980000,0x0000000100000000)
 ParOldGen       total 170496K, used 168107K [0x00000000a0000000, 0x00000000aa680000, 0x00000000e0000000)
  object space 170496K, 98% used [0x00000000a0000000,0x00000000aa42afa0,0x00000000aa680000)
 Metaspace       used 65014K, capacity 66920K, committed 67072K, reserved 1107968K
  class space    used 8570K, capacity 9103K, committed 9216K, reserved 1048576K
}
Event: 21.269 GC heap before
{Heap before GC invocations=15 (full 4):
 PSYoungGen      total 345088K, used 52728K [0x00000000e0000000, 0x0000000100000000, 0x0000000100000000)
  eden space 292352K, 0% used [0x00000000e0000000,0x00000000e0000000,0x00000000f1d80000)
  from space 52736K, 99% used [0x00000000f1d80000,0x00000000f50fe2f0,0x00000000f5100000)
  to   space 88576K, 0% used [0x00000000fa980000,0x00000000fa980000,0x0000000100000000)
 ParOldGen       total 170496K, used 168107K [0x00000000a0000000, 0x00000000aa680000, 0x00000000e0000000)
  object space 170496K, 98% used [0x00000000a0000000,0x00000000aa42afa0,0x00000000aa680000)
 Metaspace       used 65014K, capacity 66920K, committed 67072K, reserved 1107968K
  class space    used 8570K, capacity 9103K, committed 9216K, reserved 1048576K

